Unknown configuration key throttle
vbam: could not connect to socket
vbam: No such file or directory
VBA-M (BBA) [SDL]
Searching for file vbam.cfg
Searching current directory: /mnt/hgfs/CS 2110/HW09
Searching home directory: /home/blane/.vbam
Searching data directory: /usr/share/vbam
Searching system config directory: /etc
Reading configuration file.
Searching for file vba-over.ini
Searching current directory: /mnt/hgfs/CS 2110/HW09
Searching home directory: /home/blane/.vbam
Searching data directory: /usr/share/vbam
Searching system config directory: /etc
vba-over.ini NOT FOUND (using emulator settings)
Trying patch FlappyBoy.ips
Trying patch FlappyBoy.ups
Trying patch FlappyBoy.ppf
Trying to start LIRC: Failed
Color depth: 32
Shutting down
22:55:55 18.05.2018: Wrote battery
